0 info it worked if it ends with ok
1 verbose cli [ '/usr/local/bin/node',
1 verbose cli   '/usr/local/bin/npm',
1 verbose cli   'i',
1 verbose cli   'markdown-spellchecker',
1 verbose cli   '-g' ]
2 info using npm@2.14.7
3 info using node@v4.2.1
4 verbose install initial load of /usr/local/lib/package.json
5 verbose readDependencies loading dependencies from /usr/local/lib/package.json
6 silly cache add args [ 'markdown-spellchecker', null ]
7 verbose cache add spec markdown-spellchecker
8 silly cache add parsed spec Result {
8 silly cache add   raw: 'markdown-spellchecker',
8 silly cache add   scope: null,
8 silly cache add   name: 'markdown-spellchecker',
8 silly cache add   rawSpec: '',
8 silly cache add   spec: '*',
8 silly cache add   type: 'range' }
9 silly addNamed markdown-spellchecker@*
10 verbose addNamed "*" is a valid semver range for markdown-spellchecker
11 silly addNameRange { name: 'markdown-spellchecker', range: '*', hasData: false }
12 silly mapToRegistry name markdown-spellchecker
13 silly mapToRegistry using default registry
14 silly mapToRegistry registry https://registry.npmjs.org/
15 silly mapToRegistry uri https://registry.npmjs.org/markdown-spellchecker
16 verbose addNameRange registry:https://registry.npmjs.org/markdown-spellchecker not in flight; fetching
17 verbose request uri https://registry.npmjs.org/markdown-spellchecker
18 verbose request no auth needed
19 info attempt registry request try #1 at 8:18:49 AM
20 verbose request id 027b9157d7c4ca87
21 http request GET https://registry.npmjs.org/markdown-spellchecker
22 http 404 https://registry.npmjs.org/markdown-spellchecker
23 verbose headers { 'content-type': 'application/json',
23 verbose headers   'cache-control': 'max-age=0',
23 verbose headers   'content-length': '2',
23 verbose headers   'accept-ranges': 'bytes',
23 verbose headers   date: 'Wed, 28 Oct 2015 15:18:47 GMT',
23 verbose headers   via: '1.1 varnish',
23 verbose headers   age: '0',
23 verbose headers   connection: 'keep-alive',
23 verbose headers   'x-served-by': 'cache-sjc3129-SJC',
23 verbose headers   'x-cache': 'MISS',
23 verbose headers   'x-cache-hits': '0',
23 verbose headers   'x-timer': 'S1446045527.814673,VS0,VE87' }
24 silly get cb [ 404,
24 silly get   { 'content-type': 'application/json',
24 silly get     'cache-control': 'max-age=0',
24 silly get     'content-length': '2',
24 silly get     'accept-ranges': 'bytes',
24 silly get     date: 'Wed, 28 Oct 2015 15:18:47 GMT',
24 silly get     via: '1.1 varnish',
24 silly get     age: '0',
24 silly get     connection: 'keep-alive',
24 silly get     'x-served-by': 'cache-sjc3129-SJC',
24 silly get     'x-cache': 'MISS',
24 silly get     'x-cache-hits': '0',
24 silly get     'x-timer': 'S1446045527.814673,VS0,VE87' } ]
25 verbose stack Error: Registry returned 404 for GET on https://registry.npmjs.org/markdown-spellchecker
25 verbose stack     at makeError (/usr/local/lib/node_modules/npm/node_modules/npm-registry-client/lib/request.js:264:12)
25 verbose stack     at CachingRegistryClient.<anonymous> (/usr/local/lib/node_modules/npm/node_modules/npm-registry-client/lib/request.js:242:14)
25 verbose stack     at Request._callback (/usr/local/lib/node_modules/npm/node_modules/npm-registry-client/lib/request.js:172:14)
25 verbose stack     at Request.self.callback (/usr/local/lib/node_modules/npm/node_modules/request/request.js:198:22)
25 verbose stack     at emitTwo (events.js:87:13)
25 verbose stack     at Request.emit (events.js:172:7)
25 verbose stack     at Request.<anonymous> (/usr/local/lib/node_modules/npm/node_modules/request/request.js:1063:14)
25 verbose stack     at emitOne (events.js:82:20)
25 verbose stack     at Request.emit (events.js:169:7)
25 verbose stack     at IncomingMessage.<anonymous> (/usr/local/lib/node_modules/npm/node_modules/request/request.js:1009:12)
26 verbose statusCode 404
27 verbose pkgid markdown-spellchecker
28 verbose cwd /Users/zack/ws/src/nodeTutorial
29 error Darwin 14.3.0
30 error argv "/usr/local/bin/node" "/usr/local/bin/npm" "i" "markdown-spellchecker" "-g"
31 error node v4.2.1
32 error npm  v2.14.7
33 error code E404
34 error 404 Registry returned 404 for GET on https://registry.npmjs.org/markdown-spellchecker
34 error 404
34 error 404 'markdown-spellchecker' is not in the npm registry.
34 error 404 You should bug the author to publish it (or use the name yourself!)
34 error 404
34 error 404 Note that you can also install from a
34 error 404 tarball, folder, http url, or git url.
35 verbose exit [ 1, true ]
